Log file open, 10/24/16 01:10:52
LogInit:Display: Running engine for game: WarPlanRed
LogPlatformFile: Not using cached read wrapper
LogInit:Display: RandInit(1649473140) SRandInit(1649473140).
LogTaskGraph: Started task graph with 5 named threads and 8 total threads with 1 sets of task threads.
LogStats: Stats thread started at 0.071806
LogPluginManager: Loaded Plugin Paper2D, From C:/Program Files (x86)/Epic Games/4.13/Engine/Plugins/2D/Paper2D/Paper2D.uplugin
LogPluginManager: Loaded Plugin LightPropagationVolume, From C:/Program Files (x86)/Epic Games/4.13/Engine/Plugins/Blendables/LightPropagationVolume/LightPropagationVolume.uplugin
LogPluginManager: Loaded Plugin BlankPlugin, From C:/Program Files (x86)/Epic Games/4.13/Engine/Plugins/Developer/BlankPlugin/BlankPlugin.uplugin
LogPluginManager: Loaded Plugin CodeLiteSourceCodeAccess, From C:/Program Files (x86)/Epic Games/4.13/Engine/Plugins/Developer/CodeLiteSourceCodeAccess/CodeLiteSourceCodeAccess.uplugin
LogPluginManager: Loaded Plugin GitSourceControl, From C:/Program Files (x86)/Epic Games/4.13/Engine/Plugins/Developer/GitSourceControl/GitSourceControl.uplugin
LogPluginManager: Loaded Plugin KDevelopSourceCodeAccess, From C:/Program Files (x86)/Epic Games/4.13/Engine/Plugins/Developer/KDevelopSourceCodeAccess/KDevelopSourceCodeAccess.uplugin
LogPluginManager: Loaded Plugin NullSourceCodeAccess, From C:/Program Files (x86)/Epic Games/4.13/Engine/Plugins/Developer/NullSourceCodeAccess/NullSourceCodeAccess.uplugin
LogPluginManager: Loaded Plugin OneSkyLocalizationService, From C:/Program Files (x86)/Epic Games/4.13/Engine/Plugins/Developer/OneSkyLocalizationService/OneSkyLocalizationService.uplugin
LogPluginManager: Loaded Plugin PerforceSourceControl, From C:/Program Files (x86)/Epic Games/4.13/Engine/Plugins/Developer/PerforceSourceControl/PerforceSourceControl.uplugin
LogPluginManager: Loaded Plugin SubversionSourceControl, From C:/Program Files (x86)/Epic Games/4.13/Engine/Plugins/Developer/SubversionSourceControl/SubversionSourceControl.uplugin
LogPluginManager: Loaded Plugin UObjectPlugin, From C:/Program Files (x86)/Epic Games/4.13/Engine/Plugins/Developer/UObjectPlugin/UObjectPlugin.uplugin
LogPluginManager: Loaded Plugin VisualStudioSourceCodeAccess, From C:/Program Files (x86)/Epic Games/4.13/Engine/Plugins/Developer/VisualStudioSourceCodeAccess/VisualStudioSourceCodeAccess.uplugin
LogPluginManager: Loaded Plugin XCodeSourceCodeAccess, From C:/Program Files (x86)/Epic Games/4.13/Engine/Plugins/Developer/XCodeSourceCodeAccess/XCodeSourceCodeAccess.uplugin
LogPluginManager: Loaded Plugin EpicSurvey, From C:/Program Files (x86)/Epic Games/4.13/Engine/Plugins/Editor/EpicSurvey/EpicSurvey.uplugin
LogPluginManager: Loaded Plugin MacGraphicsSwitching, From C:/Program Files (x86)/Epic Games/4.13/Engine/Plugins/Editor/MacGraphicsSwitching/MacGraphicsSwitching.uplugin
LogPluginManager: Loaded Plugin MobileLauncherProfileWizard, From C:/Program Files (x86)/Epic Games/4.13/Engine/Plugins/Editor/MobileLauncherProfileWizard/MobileLauncherProfileWizard.uplugin
LogPluginManager: Loaded Plugin PluginBrowser, From C:/Program Files (x86)/Epic Games/4.13/Engine/Plugins/Editor/PluginBrowser/PluginBrowser.uplugin
LogPluginManager: Loaded Plugin SpeedTreeImporter, From C:/Program Files (x86)/Epic Games/4.13/Engine/Plugins/Editor/SpeedTreeImporter/SpeedTreeImporter.uplugin
LogPluginManager: Loaded Plugin SuperSearchEditor, From C:/Program Files (x86)/Epic Games/4.13/Engine/Plugins/Editor/SuperSearchEditor/SuperSearchEditor.uplugin
LogPluginManager: Loaded Plugin AlembicImporter, From C:/Program Files (x86)/Epic Games/4.13/Engine/Plugins/Experimental/AlembicImporter/AlembicImporter.uplugin
LogPluginManager: Loaded Plugin BlueprintStats, From C:/Program Files (x86)/Epic Games/4.13/Engine/Plugins/Experimental/BlueprintStats/BlueprintStats.uplugin
LogPluginManager: Loaded Plugin CharacterAI, From C:/Program Files (x86)/Epic Games/4.13/Engine/Plugins/Experimental/CharacterAI/CharacterAI.uplugin
LogPluginManager: Loaded Plugin CodeEditor, From C:/Program Files (x86)/Epic Games/4.13/Engine/Plugins/Experimental/CodeEditor/CodeEditor.uplugin
LogPluginManager: Loaded Plugin CodeView, From C:/Program Files (x86)/Epic Games/4.13/Engine/Plugins/Experimental/CodeView/CodeView.uplugin
LogPluginManager: Loaded Plugin HTML5Networking, From C:/Program Files (x86)/Epic Games/4.13/Engine/Plugins/Experimental/HTML5Networking/HTML5Networking.uplugin
LogPluginManager: Loaded Plugin LiveEditor, From C:/Program Files (x86)/Epic Games/4.13/Engine/Plugins/Experimental/LiveEditor/LiveEditor.uplugin
LogPluginManager: Loaded Plugin OSVR, From C:/Program Files (x86)/Epic Games/4.13/Engine/Plugins/Experimental/OSVR/OSVR.uplugin
LogPluginManager: Loaded Plugin Phya, From C:/Program Files (x86)/Epic Games/4.13/Engine/Plugins/Experimental/Phya/Phya.uplugin
LogPluginManager: Loaded Plugin SignificanceManager, From C:/Program Files (x86)/Epic Games/4.13/Engine/Plugins/Experimental/SignificanceManager/SignificanceManager.uplugin
LogPluginManager: Loaded Plugin SimpleHMD, From C:/Program Files (x86)/Epic Games/4.13/Engine/Plugins/Experimental/SimpleHMD/SimpleHMD.uplugin
LogPluginManager: Loaded Plugin StereoPanorama, From C:/Program Files (x86)/Epic Games/4.13/Engine/Plugins/Experimental/StereoPanorama/StereoPanorama.uplugin
LogPluginManager: Loaded Plugin StructBox, From C:/Program Files (x86)/Epic Games/4.13/Engine/Plugins/Experimental/StructBox/StructBox.uplugin
LogPluginManager: Loaded Plugin AndroidMedia, From C:/Program Files (x86)/Epic Games/4.13/Engine/Plugins/Media/AndroidMedia/AndroidMedia.uplugin
LogPluginManager: Loaded Plugin AvfMedia, From C:/Program Files (x86)/Epic Games/4.13/Engine/Plugins/Media/AvfMedia/AvfMedia.uplugin
LogPluginManager: Loaded Plugin MediaPlayerEditor, From C:/Program Files (x86)/Epic Games/4.13/Engine/Plugins/Media/MediaPlayerEditor/MediaPlayerEditor.uplugin
LogPluginManager: Loaded Plugin WmfMedia, From C:/Program Files (x86)/Epic Games/4.13/Engine/Plugins/Media/WmfMedia/WmfMedia.uplugin
LogPluginManager: Loaded Plugin MessagingDebugger, From C:/Program Files (x86)/Epic Games/4.13/Engine/Plugins/Messaging/MessagingDebugger/MessagingDebugger.uplugin
LogPluginManager: Loaded Plugin TcpMessaging, From C:/Program Files (x86)/Epic Games/4.13/Engine/Plugins/Messaging/TcpMessaging/TcpMessaging.uplugin
LogPluginManager: Loaded Plugin UdpMessaging, From C:/Program Files (x86)/Epic Games/4.13/Engine/Plugins/Messaging/UdpMessaging/UdpMessaging.uplugin
LogPluginManager: Loaded Plugin LevelSequenceEditor, From C:/Program Files (x86)/Epic Games/4.13/Engine/Plugins/MovieScene/LevelSequenceEditor/LevelSequenceEditor.uplugin
LogPluginManager: Loaded Plugin MatineeToLevelSequence, From C:/Program Files (x86)/Epic Games/4.13/Engine/Plugins/MovieScene/MatineeToLevelSequence/MatineeToLevelSequence.uplugin
LogPluginManager: Loaded Plugin NetcodeUnitTest, From C:/Program Files (x86)/Epic Games/4.13/Engine/Plugins/NetcodeUnitTest/NetcodeUnitTest/NetcodeUnitTest.uplugin
LogPluginManager: Loaded Plugin NUTUnrealEngine4, From C:/Program Files (x86)/Epic Games/4.13/Engine/Plugins/NetcodeUnitTest/NUTUnrealEngine4/NUTUnrealEngine4.uplugin
LogPluginManager: Loaded Plugin OnlineSubsystemGooglePlay, From C:/Program Files (x86)/Epic Games/4.13/Engine/Plugins/Online/Android/OnlineSubsystemGooglePlay/OnlineSubsystemGooglePlay.uplugin
LogPluginManager: Loaded Plugin OnlineSubsystemIOS, From C:/Program Files (x86)/Epic Games/4.13/Engine/Plugins/Online/IOS/OnlineSubsystemIOS/OnlineSubsystemIOS.uplugin
LogPluginManager: Loaded Plugin OnlineFramework, From C:/Program Files (x86)/Epic Games/4.13/Engine/Plugins/Online/OnlineFramework/OnlineFramework.uplugin
LogPluginManager: Loaded Plugin OnlineSubsystem, From C:/Program Files (x86)/Epic Games/4.13/Engine/Plugins/Online/OnlineSubsystem/OnlineSubsystem.uplugin
LogPluginManager: Loaded Plugin OnlineSubsystemAmazon, From C:/Program Files (x86)/Epic Games/4.13/Engine/Plugins/Online/OnlineSubsystemAmazon/OnlineSubsystemAmazon.uplugin
LogPluginManager: Loaded Plugin OnlineSubsystemFacebook, From C:/Program Files (x86)/Epic Games/4.13/Engine/Plugins/Online/OnlineSubsystemFacebook/OnlineSubsystemFacebook.uplugin
LogPluginManager: Loaded Plugin OnlineSubsystemNull, From C:/Program Files (x86)/Epic Games/4.13/Engine/Plugins/Online/OnlineSubsystemNull/OnlineSubsystemNull.uplugin
LogPluginManager: Loaded Plugin OnlineSubsystemOculus, From C:/Program Files (x86)/Epic Games/4.13/Engine/Plugins/Online/OnlineSubsystemOculus/OnlineSubsystemOculus.uplugin
LogPluginManager: Loaded Plugin OnlineSubsystemSteam, From C:/Program Files (x86)/Epic Games/4.13/Engine/Plugins/Online/OnlineSubsystemSteam/OnlineSubsystemSteam.uplugin
LogPluginManager: Loaded Plugin OnlineSubsystemUtils, From C:/Program Files (x86)/Epic Games/4.13/Engine/Plugins/Online/OnlineSubsystemUtils/OnlineSubsystemUtils.uplugin
LogPluginManager: Loaded Plugin IOSTapJoy, From C:/Program Files (x86)/Epic Games/4.13/Engine/Plugins/Runtime/Advertising/IOSTapJoy/IOSTapJoy.uplugin
LogPluginManager: Loaded Plugin AnalyticsBlueprintLibrary, From C:/Program Files (x86)/Epic Games/4.13/Engine/Plugins/Runtime/Analytics/AnalyticsBlueprintLibrary/AnalyticsBlueprintLibrary.uplugin
LogPluginManager: Loaded Plugin AnalyticsMulticast, From C:/Program Files (x86)/Epic Games/4.13/Engine/Plugins/Runtime/Analytics/AnalyticsMulticast/AnalyticsMulticast.uplugin
LogPluginManager: Loaded Plugin Apsalar, From C:/Program Files (x86)/Epic Games/4.13/Engine/Plugins/Runtime/Analytics/Apsalar/Apsalar.uplugin
LogPluginManager: Loaded Plugin FileLogging, From C:/Program Files (x86)/Epic Games/4.13/Engine/Plugins/Runtime/Analytics/FileLogging/FileLogging.uplugin
LogPluginManager: Loaded Plugin Flurry, From C:/Program Files (x86)/Epic Games/4.13/Engine/Plugins/Runtime/Analytics/Flurry/Flurry.uplugin
LogPluginManager: Loaded Plugin AndroidDeviceProfileSelector, From C:/Program Files (x86)/Epic Games/4.13/Engine/Plugins/Runtime/AndroidDeviceProfileSelector/AndroidDeviceProfileSelector.uplugin
LogPluginManager: Loaded Plugin AndroidMoviePlayer, From C:/Program Files (x86)/Epic Games/4.13/Engine/Plugins/Runtime/AndroidMoviePlayer/AndroidMoviePlayer.uplugin
LogPluginManager: Loaded Plugin AppleMoviePlayer, From C:/Program Files (x86)/Epic Games/4.13/Engine/Plugins/Runtime/AppleMoviePlayer/AppleMoviePlayer.uplugin
LogPluginManager: Loaded Plugin ArchVisCharacter, From C:/Program Files (x86)/Epic Games/4.13/Engine/Plugins/Runtime/ArchVisCharacter/ArchVisCharacter.uplugin
LogPluginManager: Loaded Plugin CableComponent, From C:/Program Files (x86)/Epic Games/4.13/Engine/Plugins/Runtime/CableComponent/CableComponent.uplugin
LogPluginManager: Loaded Plugin CustomMeshComponent, From C:/Program Files (x86)/Epic Games/4.13/Engine/Plugins/Runtime/CustomMeshComponent/CustomMeshComponent.uplugin
LogPluginManager: Loaded Plugin ExampleDeviceProfileSelector, From C:/Program Files (x86)/Epic Games/4.13/Engine/Plugins/Runtime/ExampleDeviceProfileSelector/ExampleDeviceProfileSelector.uplugin
LogPluginManager: Loaded Plugin GearVR, From C:/Program Files (x86)/Epic Games/4.13/Engine/Plugins/Runtime/GearVR/GearVR.uplugin
LogPluginManager: Loaded Plugin GoogleVRController, From C:/Program Files (x86)/Epic Games/4.13/Engine/Plugins/Runtime/GoogleVR/GoogleVRController/GoogleVRController.uplugin
LogPluginManager: Loaded Plugin GoogleVRHMD, From C:/Program Files (x86)/Epic Games/4.13/Engine/Plugins/Runtime/GoogleVR/GoogleVRHMD/GoogleVRHMD.uplugin
LogPluginManager: Loaded Plugin IOSDeviceProfileSelector, From C:/Program Files (x86)/Epic Games/4.13/Engine/Plugins/Runtime/IOSDeviceProfileSelector/IOSDeviceProfileSelector.uplugin
LogPluginManager: Loaded Plugin LeapMotion, From C:/Program Files (x86)/Epic Games/4.13/Engine/Plugins/Runtime/LeapMotion/LeapMotion.uplugin
LogPluginManager: Loaded Plugin LinuxDeviceProfileSelector, From C:/Program Files (x86)/Epic Games/4.13/Engine/Plugins/Runtime/LinuxDeviceProfileSelector/LinuxDeviceProfileSelector.uplugin
LogPluginManager: Loaded Plugin LiveEditorListenServer, From C:/Program Files (x86)/Epic Games/4.13/Engine/Plugins/Runtime/LiveEditorListenServer/LiveEditorListenServer.uplugin
LogPluginManager: Loaded Plugin OculusAudio, From C:/Program Files (x86)/Epic Games/4.13/Engine/Plugins/Runtime/OculusAudio/OculusAudio.uplugin
LogPluginManager: Loaded Plugin OculusInput, From C:/Program Files (x86)/Epic Games/4.13/Engine/Plugins/Runtime/OculusInput/OculusInput.uplugin
LogPluginManager: Loaded Plugin OculusLibrary, From C:/Program Files (x86)/Epic Games/4.13/Engine/Plugins/Runtime/OculusLibrary/OculusLibrary.uplugin
LogPluginManager: Loaded Plugin OculusRift, From C:/Program Files (x86)/Epic Games/4.13/Engine/Plugins/Runtime/OculusRift/OculusRift.uplugin
LogPluginManager: Loaded Plugin Oodle, From C:/Program Files (x86)/Epic Games/4.13/Engine/Plugins/Runtime/PacketHandlers/CompressionComponents/Oodle/Oodle.uplugin
LogPluginManager: Loaded Plugin ProceduralMeshComponent, From C:/Program Files (x86)/Epic Games/4.13/Engine/Plugins/Runtime/ProceduralMeshComponent/ProceduralMeshComponent.uplugin
LogPluginManager: Loaded Plugin SoundMod, From C:/Program Files (x86)/Epic Games/4.13/Engine/Plugins/Runtime/SoundMod/SoundMod.uplugin
LogPluginManager: Loaded Plugin SoundVisualizations, From C:/Program Files (x86)/Epic Games/4.13/Engine/Plugins/Runtime/SoundVisualizations/SoundVisualizations.uplugin
LogPluginManager: Loaded Plugin SteamController, From C:/Program Files (x86)/Epic Games/4.13/Engine/Plugins/Runtime/Steam/SteamController/SteamController.uplugin
LogPluginManager: Loaded Plugin SteamVR, From C:/Program Files (x86)/Epic Games/4.13/Engine/Plugins/Runtime/Steam/SteamVR/SteamVR.uplugin
LogPluginManager: Loaded Plugin WebBrowserWidget, From C:/Program Files (x86)/Epic Games/4.13/Engine/Plugins/Runtime/WebBrowserWidget/WebBrowserWidget.uplugin
LogPluginManager: Loaded Plugin WindowsDeviceProfileSelector, From C:/Program Files (x86)/Epic Games/4.13/Engine/Plugins/Runtime/WindowsDeviceProfileSelector/WindowsDeviceProfileSelector.uplugin
LogPluginManager: Loaded Plugin WindowsMoviePlayer, From C:/Program Files (x86)/Epic Games/4.13/Engine/Plugins/Runtime/WindowsMoviePlayer/WindowsMoviePlayer.uplugin
LogPluginManager: Loaded Plugin ScriptPlugin, From C:/Program Files (x86)/Epic Games/4.13/Engine/Plugins/ScriptPlugin/ScriptPlugin.uplugin
LogPluginManager: Loaded Plugin SlateRemote, From C:/Program Files (x86)/Epic Games/4.13/Engine/Plugins/Slate/SlateRemote/SlateRemote.uplugin
LogInit: Using libcurl 7.47.1
LogInit:  - built for x86_64-pc-win32
LogInit:  - supports SSL with WinSSL
LogInit:  - other features:
LogInit:      CURL_VERSION_SSL
LogInit:      CURL_VERSION_IPV6
LogInit:      CURL_VERSION_ASYNCHDNS
LogInit:      CURL_VERSION_LARGEFILE
LogInit:      CURL_VERSION_IDN
LogInit:  CurlRequestOptions (configurable via config and command line):
LogInit:  - bVerifyPeer = false  - Libcurl will NOT verify peer certificate
LogInit:  - bUseHttpProxy = false  - Libcurl will NOT use HTTP proxy
LogInit:  - bDontReuseConnections = false  - Libcurl will reuse connections
LogInit:  - CertBundlePath = nullptr  - Libcurl will use whatever was configured at build time.
LogInit: Build: ++UE4+Release-4.13-CL-3142249
LogInit: Engine Version: 4.13.1-3142249+++UE4+Release-4.13
LogInit: Compatible Engine Version: 4.13.0-3106830+++UE4+Release-4.13
LogInit: Net CL: 3142249
LogDevObjectVersion: Number of dev versions registered: 13
LogDevObjectVersion:   Dev-Blueprints (B0D832E4-1F89-4F0D-ACCF-7EB736FD4AA2): 5
LogDevObjectVersion:   Dev-Build (E1C64328-A22C-4D53-A36C-8E866417BD8C): 0
LogDevObjectVersion:   Dev-Core (375EC13C-06E4-48FB-B500-84F0262A717E): 1
LogDevObjectVersion:   Dev-Editor (E4B068ED-F494-42E9-A231-DA0B2E46BB41): 6
LogDevObjectVersion:   Dev-Framework (CFFC743F-43B0-4480-9391-14DF171D2073): 12
LogDevObjectVersion:   Dev-Mobile (B02B49B5-BB20-44E9-A304-32B752E40360): 0
LogDevObjectVersion:   Dev-Networking (A4E4105C-59A1-49B5-A7C5-40C4547EDFEE): 0
LogDevObjectVersion:   Dev-Online (39C831C9-5AE6-47DC-9A44-9C173E1C8E7C): 0
LogDevObjectVersion:   Dev-Physics (78F01B33-EBEA-4F98-B9B4-84EACCB95AA2): 0
LogDevObjectVersion:   Dev-Platform (6631380F-2D4D-43E0-8009-CF276956A95A): 0
LogDevObjectVersion:   Dev-Rendering (12F88B9F-8875-4AFC-A67C-D90C383ABD29): 4
LogDevObjectVersion:   Dev-Sequencer (7B5AE74C-D270-4C10-A958-57980B212A5A): 0
LogDevObjectVersion:   Dev-VR (D7296918-1DD6-4BDD-9DE2-64A83CC13884): 0
LogInit: Compiled (64-bit): Sep 28 2016 02:12:12
LogInit: Compiled with Visual C++: 19.00.23026.00
LogInit: Build Configuration: Development
LogInit: Branch Name: ++UE4+Release-4.13
LogInit: Command line:  
LogInit: Base directory: C:/Program Files (x86)/Epic Games/4.13/Engine/Binaries/Win64/
LogInit: Installed Engine Build: 1
LogInit: Presizing for max 8388607 objects, including 0 objects not considered by GC, pre-allocating 0 bytes for permanent pool.
LogInit: Object subsystem initialized
[2016.10.24-00.10.53:014][  0]LogInit: Selected Device Profile: [Windows]
[2016.10.24-00.10.53:014][  0]LogInit: Applying CVar settings loaded from the selected device profile: [Windows]
[2016.10.24-00.10.53:019][  0]LogInit: Computer: DESKTOP-D20DDAB
[2016.10.24-00.10.53:019][  0]LogInit: User: Andrew
[2016.10.24-00.10.53:019][  0]LogInit: CPU Page size=65536, Cores=4
[2016.10.24-00.10.53:019][  0]LogInit: High frequency timer resolution =3.914063 MHz
[2016.10.24-00.10.53:019][  0]LogMemory: Memory total: Physical=15.9GB (16GB approx)
[2016.10.24-00.10.53:019][  0]LogMemory: Platform Memory Stats for Windows
[2016.10.24-00.10.53:019][  0]LogMemory: Process Physical Memory: 259.21 MB used, 259.21 MB peak
[2016.10.24-00.10.53:019][  0]LogMemory: Process Virtual Memory: 260.24 MB used, 260.24 MB peak
[2016.10.24-00.10.53:019][  0]LogMemory: Physical Memory: 3632.37 MB used, 16332.33 MB total
[2016.10.24-00.10.53:019][  0]LogMemory: Virtual Memory: 644.68 MB used, 134217728.00 MB total
[2016.10.24-00.10.53:054][  0]LogTextLocalizationManager: No specific translations for ('en-GB') exist, so ('en') translations will be used.
[2016.10.24-00.10.53:470][  0]LogD3D11RHI: D3D11 adapters:
[2016.10.24-00.10.53:501][  0]LogD3D11RHI:    0. 'NVIDIA GeForce GTX 1070' (Feature Level 11_0)
[2016.10.24-00.10.53:501][  0]LogD3D11RHI:       8145/0/8166 MB DedicatedVideo/DedicatedSystem/SharedSystem, Outputs:1, VendorId:0x10de
[2016.10.24-00.10.53:502][  0]LogD3D11RHI:    1. 'Microsoft Basic Render Driver' (Feature Level 11_0)
[2016.10.24-00.10.53:502][  0]LogD3D11RHI:       0/0/8166 MB DedicatedVideo/DedicatedSystem/SharedSystem, Outputs:0, VendorId:0x1414
[2016.10.24-00.10.53:502][  0]LogD3D11RHI: Chosen D3D11 Adapter: 0
[2016.10.24-00.10.53:506][  0]LogD3D11RHI: Creating new Direct3DDevice
[2016.10.24-00.10.53:506][  0]LogD3D11RHI:     GPU DeviceId: 0x1b81 (for the marketing name, search the web for "GPU Device Id")
[2016.10.24-00.10.53:506][  0]LogWindows: EnumDisplayDevices:
[2016.10.24-00.10.53:506][  0]LogWindows:    0. 'NVIDIA GeForce GTX 1070' (P:1 D:1)
[2016.10.24-00.10.53:506][  0]LogWindows:    1. 'NVIDIA GeForce GTX 1070' (P:0 D:0)
[2016.10.24-00.10.53:506][  0]LogWindows:    2. 'NVIDIA GeForce GTX 1070' (P:0 D:0)
[2016.10.24-00.10.53:507][  0]LogWindows:    3. 'NVIDIA GeForce GTX 1070' (P:0 D:0)
[2016.10.24-00.10.53:507][  0]LogWindows: DebugString: FoundDriverCount:4 
[2016.10.24-00.10.53:507][  0]LogD3D11RHI:     Adapter Name: NVIDIA GeForce GTX 1070
[2016.10.24-00.10.53:507][  0]LogD3D11RHI:   Driver Version: 372.90 (internal:21.21.13.7290, unified:372.90)
[2016.10.24-00.10.53:507][  0]LogD3D11RHI:      Driver Date: 9-16-2016
[2016.10.24-00.10.53:507][  0]LogRHI: Texture pool is 1361 MB (70% of 1945 MB)
[2016.10.24-00.10.53:518][  0]LogD3D11RHI: Async texture creation enabled
[2016.10.24-00.10.53:532][  0]LogD3D11RHI: GPU Timing Frequency: 1000.000000 (Debug: 2 2)
[2016.10.24-00.10.53:532][  0]LogShaderCompilers: Guid format shader working directory is 18 characters bigger than the processId version (D:/Unreal Projects/WarPlanRed/Intermediate/Shaders/WorkingDirectory/1020/).
[2016.10.24-00.10.53:532][  0]LogShaderCompilers: Cleaned the shader compiler working directory 'C:/Users/Andrew/AppData/Local/Temp/UnrealShaderWorkingDir/675D5F6F47C0E4F2E57DC5894E575F4B/'.
[2016.10.24-00.10.53:532][  0]LogShaderCompilers:Display: Using Local Shader Compiler.
[2016.10.24-00.10.54:392][  0]LogTemp:Display: Loaded TP AllDesktopTargetPlatform
[2016.10.24-00.10.54:398][  0]LogTemp:Display: Loaded TP WindowsClientTargetPlatform
[2016.10.24-00.10.54:404][  0]LogTemp:Display: Loaded TP WindowsNoEditorTargetPlatform
[2016.10.24-00.10.54:410][  0]LogTemp:Display: Loaded TP WindowsServerTargetPlatform
[2016.10.24-00.10.54:417][  0]LogTemp:Display: Loaded TP WindowsTargetPlatform
[2016.10.24-00.10.54:422][  0]LogTemp:Display: Loaded TP AndroidTargetPlatform
[2016.10.24-00.10.54:427][  0]LogTemp:Display: Loaded TP Android_ASTCTargetPlatform
[2016.10.24-00.10.54:432][  0]LogTemp:Display: Loaded TP Android_ATCTargetPlatform
[2016.10.24-00.10.54:437][  0]LogTemp:Display: Loaded TP Android_DXTTargetPlatform
[2016.10.24-00.10.54:442][  0]LogTemp:Display: Loaded TP Android_ETC1TargetPlatform
[2016.10.24-00.10.54:447][  0]LogTemp:Display: Loaded TP Android_ETC2TargetPlatform
[2016.10.24-00.10.54:457][  0]LogTemp:Display: Loaded TP Android_MultiTargetPlatform
[2016.10.24-00.10.54:457][  0]LogTemp:Display: Loaded TP Android_PVRTCTargetPlatform
[2016.10.24-00.10.54:458][  0]LogTemp:Display: Loaded TP HTML5TargetPlatform
[2016.10.24-00.10.54:476][  0]LogTemp:Display: Loaded TP IOSTargetPlatform
[2016.10.24-00.10.54:486][  0]LogTemp:Display: Loaded TP TVOSTargetPlatform
[2016.10.24-00.10.54:491][  0]LogTemp:Display: Loaded TP LinuxClientTargetPlatform
[2016.10.24-00.10.54:495][  0]LogTemp:Display: Loaded TP LinuxNoEditorTargetPlatform
[2016.10.24-00.10.54:500][  0]LogTemp:Display: Loaded TP LinuxServerTargetPlatform
[2016.10.24-00.10.54:505][  0]LogTemp:Display: Loaded TP LinuxTargetPlatform
[2016.10.24-00.10.54:505][  0]LogTargetPlatformManager:Display: Building Assets For Windows
[2016.10.24-00.10.54:566][  0]LogDerivedDataCache:Display: Max Cache Size: 512 MB
[2016.10.24-00.10.54:622][  0]LogDerivedDataCache: Loaded boot cache 0.06s 76MB C:/Users/Andrew/AppData/Local/UnrealEngine/4.13/DerivedDataCache/Boot.ddc.
[2016.10.24-00.10.54:623][  0]LogDerivedDataCache:Display: Loaded Boot cache: C:/Users/Andrew/AppData/Local/UnrealEngine/4.13/DerivedDataCache/Boot.ddc
[2016.10.24-00.10.54:623][  0]LogDerivedDataCache: FDerivedDataBackendGraph:  Pak pak cache file D:/Unreal Projects/WarPlanRed/DerivedDataCache/DDC.ddp not found, will not use a pak cache.
[2016.10.24-00.10.54:623][  0]LogDerivedDataCache: Unable to find inner node Pak for hierarchical cache Hierarchy.
[2016.10.24-00.10.54:623][  0]LogDerivedDataCache: FDerivedDataBackendGraph:  CompressedPak pak cache file D:/Unreal Projects/WarPlanRed/DerivedDataCache/Compressed.ddp not found, will not use a pak cache.
[2016.10.24-00.10.54:623][  0]LogDerivedDataCache: Unable to find inner node CompressedPak for hierarchical cache Hierarchy.
[2016.10.24-00.10.54:635][  0]LogDerivedDataCache:Display: Pak cache opened for reading ../../../Engine/DerivedDataCache/Compressed.ddp.
[2016.10.24-00.10.54:647][  0]LogDerivedDataCache: Using Local data cache path C:/Users/Andrew/AppData/Local/UnrealEngine/Common/DerivedDataCache: Writable
[2016.10.24-00.10.55:401][  0]LogInit: Selected Device Profile: [Windows]
[2016.10.24-00.10.55:403][  0]LogContentStreaming: Texture pool size is 0.00 MB
[2016.10.24-00.10.55:434][  0]LogMaterial: Missing cached shader map for material WorldGridMaterial, compiling. Is special engine material.
[2016.10.24-00.11.58:954][  0]LogMaterial: Missing cached shader map for material DefaultDeferredDecalMaterial, compiling. 
[2016.10.24-00.12.01:236][  0]LogMaterial: Missing cached shader map for material DefaultLightFunctionMaterial, compiling. 
[2016.10.24-00.12.01:827][  0]LogMaterial: Missing cached shader map for material DefaultPostProcessMaterial, compiling. 
[2016.10.24-00.12.02:320][  0]LogMaterial: Missing cached shader map for material CineMat, compiling. 
[2016.10.24-00.12.02:348][  0]LogMeshUtilities: No automatic mesh reduction module available
[2016.10.24-00.12.02:348][  0]LogMeshUtilities: No automatic mesh merging module available
[2016.10.24-00.12.02:348][  0]LogMeshUtilities: No distributed automatic mesh merging module available
[2016.10.24-00.12.02:372][  0]LogMaterial: Missing cached shader map for material MatineeCam_mat, compiling. 
[2016.10.24-00.12.02:386][  0]LogMaterial: Missing cached shader map for material M_SimpleOpaque, compiling. 
[2016.10.24-00.12.02:401][  0]LogMaterial: Missing cached shader map for material M_SimpleTranslucent, compiling. 
[2016.10.24-00.12.02:437][  0]LogMaterial: Uniform references updated for custom material expression Custom.
[2016.10.24-00.12.02:440][  0]LogMaterial: Missing cached shader map for material Widget3DPassThrough, compiling. 
[2016.10.24-00.12.02:451][  0]LogMaterial: Missing cached shader map for material Widget3DPassThrough, compiling. 
[2016.10.24-00.12.02:466][  0]LogMaterial: Missing cached shader map for material Widget3DPassThrough, compiling. 
[2016.10.24-00.12.02:478][  0]LogMaterial: Missing cached shader map for material Widget3DPassThrough, compiling. 
[2016.10.24-00.12.02:491][  0]LogMaterial: Missing cached shader map for material Widget3DPassThrough, compiling. 
[2016.10.24-00.12.02:507][  0]LogMaterial: Missing cached shader map for material Widget3DPassThrough, compiling. 
[2016.10.24-00.12.02:642][  0]LogMaterial: Missing cached shader map for material SkySphereMaterial, compiling. 
[2016.10.24-00.12.02:657][  0]LogMaterial: Missing cached shader map for material FloorPlaneMaterial, compiling. 
[2016.10.24-00.12.02:757][  0]LogMaterial: Missing cached shader map for material LandscapeGizmo_Mat, compiling. 
[2016.10.24-00.12.02:779][  0]LogMaterial: Missing cached shader map for material LandscapeGizmoHeight_Mat, compiling. 
[2016.10.24-00.12.02:814][  0]LogMaterial: Missing cached shader map for material SplineEditorMeshMat, compiling. 
[2016.10.24-00.12.02:843][  0]LogMaterial: Missing cached shader map for material HelpActorMaterial, compiling. 
[2016.10.24-00.12.02:929][  0]LogMaterial: Missing cached shader map for material DefaultTextMaterialOpaque, compiling. 
[2016.10.24-00.12.02:984][  0]LogNetVersion: GetLocalNetworkVersion: CL: 3106830, ProjectName: warplanred, ProjectVersion: , EngineNetworkVersion: 1, GameNetworkVersion: 0, NetworkChecksum: 1118708271
[2016.10.24-00.12.02:992][  0]LogMaterial: Missing cached shader map for material DefaultMaterial, compiling. 
[2016.10.24-00.12.03:058][  0]LogAssetRegistry: FAssetRegistry took 0.0221 seconds to start up
[2016.10.24-00.12.03:091][  0]LogPackageLocalizationCache: Processed 3 localized package path(s) for 2 prioritized culture(s) in 0.029380 seconds
[2016.10.24-00.12.03:102][  0]LogUObjectArray: 29778 objects as part of root set at end of initial load.
[2016.10.24-00.12.03:102][  0]LogUObjectAllocator: 6125456 out of 0 bytes used by permanent object pool.
[2016.10.24-00.12.03:102][  0]LogUObjectArray: CloseDisregardForGC: 0/0 objects in disregard for GC pool
[2016.10.24-00.12.03:117][  0]LogInit: WinSock: version 1.1 (2.2), MaxSocks=32767, MaxUdp=65467
[2016.10.24-00.12.03:270][  0]LogMaterial: Missing cached shader map for material TransformGizmoMaterial, compiling. 
[2016.10.24-00.12.03:284][  0]LogMaterial: Missing cached shader map for material TranslucentTransformGizmoMaterial, compiling. 
[2016.10.24-00.12.03:320][  0]LogMaterial: Missing cached shader map for material M_ContentWindow, compiling. 
[2016.10.24-00.12.03:354][  0]LogMaterial: Missing cached shader map for material LineMaterial, compiling. 
[2016.10.24-00.12.03:367][  0]LogMaterial: Missing cached shader map for material VRTextMaterial, compiling. 
[2016.10.24-00.12.03:384][  0]LogMaterial: Missing cached shader map for material VRTextMaterial, compiling. 
[2016.10.24-00.12.03:403][  0]LogMaterial: Missing cached shader map for material GenericHMDMaterial, compiling. 
[2016.10.24-00.12.03:424][  0]LogMaterial: Missing cached shader map for material FlattenHeightMat, compiling. 
[2016.10.24-00.12.03:439][  0]LogMaterial: Missing cached shader map for material GridMaterial, compiling. 
[2016.10.24-00.12.03:457][  0]LogMaterial: Missing cached shader map for material LaserPointerMaterial, compiling. 
[2016.10.24-00.12.03:471][  0]LogMaterial: Missing cached shader map for material LaserPointerMaterial, compiling. 
[2016.10.24-00.12.03:497][  0]LogMaterial: Missing cached shader map for material GridPostProcess, compiling. 
[2016.10.24-00.12.03:532][  0]LogSlate: SlateFontCache - WITH_FREETYPE: 1, WITH_HARFBUZZ: 1
[2016.10.24-00.12.03:532][  0]LogSlate: SlateFontCache - WITH_FREETYPE: 1, WITH_HARFBUZZ: 1
[2016.10.24-00.12.04:197][  0]LogMaterial: Missing cached shader map for material DefaultSpriteMaterial, compiling. 
[2016.10.24-00.12.04:214][  0]LogMaterial: Missing cached shader map for material DefaultSpriteMaterial, compiling. 
[2016.10.24-00.12.04:255][  0]LogTcpMessaging: Initializing TcpMessaging bridge
[2016.10.24-00.12.04:278][  0]LogUdpMessaging: Initializing bridge on interface 0.0.0.0:0 to multicast group 230.0.0.1:6666.
[2016.10.24-00.12.04:392][  0]LogMaterial: Missing cached shader map for material BaseColor, compiling. 
[2016.10.24-00.12.04:401][  0]LogMaterial: Missing cached shader map for material CustomDepth, compiling. 
[2016.10.24-00.12.04:416][  0]LogMaterial: Missing cached shader map for material CustomStencil, compiling. 
[2016.10.24-00.12.04:426][  0]LogMaterial: Missing cached shader map for material FinalImage, compiling. 
[2016.10.24-00.12.04:435][  0]LogMaterial: Missing cached shader map for material LightingModel, compiling. 
[2016.10.24-00.12.04:444][  0]LogMaterial: Missing cached shader map for material MaterialAO, compiling. 
[2016.10.24-00.12.04:453][  0]LogMaterial: Missing cached shader map for material Metallic, compiling. 
[2016.10.24-00.12.04:461][  0]LogMaterial: Missing cached shader map for material Opacity, compiling. 
[2016.10.24-00.12.04:471][  0]LogMaterial: Missing cached shader map for material Roughness, compiling. 
[2016.10.24-00.12.04:478][  0]LogMaterial: Missing cached shader map for material SceneColor, compiling. 
[2016.10.24-00.12.04:487][  0]LogMaterial: Missing cached shader map for material SceneDepth, compiling. 
[2016.10.24-00.12.04:496][  0]LogMaterial: Missing cached shader map for material SeparateTranslucencyRGB, compiling. 
[2016.10.24-00.12.04:505][  0]LogMaterial: Missing cached shader map for material SeparateTranslucencyA, compiling. 
[2016.10.24-00.12.04:516][  0]LogMaterial: Missing cached shader map for material Specular, compiling. 
[2016.10.24-00.12.04:525][  0]LogMaterial: Missing cached shader map for material SubsurfaceColor, compiling. 
[2016.10.24-00.12.04:535][  0]LogMaterial: Missing cached shader map for material WorldNormal, compiling. 
[2016.10.24-00.12.04:545][  0]LogMaterial: Missing cached shader map for material AmbientOcclusion, compiling. 
[2016.10.24-00.12.04:560][  0]LogMaterial: Missing cached shader map for material CustomDepthWorldUnits, compiling. 
[2016.10.24-00.12.04:569][  0]LogMaterial: Missing cached shader map for material SceneDepthWorldUnits, compiling. 
[2016.10.24-00.12.04:578][  0]LogMaterial: Missing cached shader map for material HDRColor, compiling. 
[2016.10.24-00.12.04:673][  0]SourceControl: Info Source control is disabled
[2016.10.24-00.12.04:737][  0]SourceControl: Info Source control is disabled
[2016.10.24-00.12.04:748][  0]SourceControl: Info Source control is disabled
[2016.10.24-00.12.04:760][  0]SourceControl: Info Source control is disabled
[2016.10.24-00.12.05:088][  0]LogMaterial: Missing cached shader map for material HighResScreenshot, compiling. 
[2016.10.24-00.12.05:100][  0]LogMaterial: Missing cached shader map for material HighResScreenshotMask, compiling. 
[2016.10.24-00.12.05:114][  0]LogMaterial: Missing cached shader map for material HighResScreenshotCaptureRegion, compiling. 
[2016.10.24-00.12.05:146][  0]LogEngine: Initializing Engine...
[2016.10.24-00.12.05:147][  0]LogHMD: Failed to initialize OpenVR with code 110
[2016.10.24-00.12.05:151][  0]LogMaterial: Missing cached shader map for material WireframeMaterial, compiling. Is special engine material.
[2016.10.24-00.12.05:327][  0]LogMaterial: Missing cached shader map for material LevelColorationLitMaterial, compiling. Is special engine material.
[2016.10.24-00.12.05:664][  0]LogMaterial: Missing cached shader map for material LevelColorationUnlitMaterial, compiling. Is special engine material.
[2016.10.24-00.12.05:814][  0]LogMaterial: Missing cached shader map for material MAT_LevelColorationLitLightmapUV, compiling. Is special engine material.
[2016.10.24-00.12.06:159][  0]LogMaterial: Missing cached shader map for material ShadedLevelColorationLitMaterial, compiling. Is special engine material.
[2016.10.24-00.12.06:511][  0]LogMaterial: Missing cached shader map for material ShadedLevelColorationUnlitMateri, compiling. Is special engine material.
[2016.10.24-00.12.06:657][  0]LogMaterial: Missing cached shader map for material VertexColorMaterial, compiling. 
[2016.10.24-00.12.06:688][  0]LogMaterial: Missing cached shader map for material VertexColorViewMode_ColorOnly, compiling. 
[2016.10.24-00.12.06:701][  0]LogMaterial: Missing cached shader map for material VertexColorViewMode_AlphaAsColor, compiling. 
[2016.10.24-00.12.06:712][  0]LogMaterial: Missing cached shader map for material VertexColorViewMode_RedOnly, compiling. 
[2016.10.24-00.12.06:725][  0]LogMaterial: Missing cached shader map for material VertexColorViewMode_GreenOnly, compiling. 
[2016.10.24-00.12.06:737][  0]LogMaterial: Missing cached shader map for material VertexColorViewMode_BlueOnly, compiling. 
[2016.10.24-00.12.06:749][  0]LogMaterial: Missing cached shader map for material RemoveSurfaceMaterial, compiling. 
[2016.10.24-00.12.06:757][  0]LogMaterial: Missing cached shader map for material DebugMeshMaterial, compiling. 
[2016.10.24-00.12.06:772][  0]LogMaterial: Missing cached shader map for material M_InvalidLightmapSettings, compiling. 
[2016.10.24-00.12.06:796][  0]LogMaterial: Missing cached shader map for material GizmoMaterial, compiling. 
[2016.10.24-00.12.06:809][  0]LogMaterial: Missing cached shader map for material PhAT_JointLimitMaterial, compiling. 
[2016.10.24-00.12.06:822][  0]LogMaterial: Missing cached shader map for material GeomMaterial, compiling. 
[2016.10.24-00.12.06:834][  0]LogMaterial: Missing cached shader map for material EditorBrushMaterial, compiling. 
[2016.10.24-00.12.06:848][  0]LogMaterial: Missing cached shader map for material BoneWeightMaterial, compiling. 
[2016.10.24-00.12.06:892][  0]LogMaterial: Missing cached shader map for material PreviewShadowIndicatorMaterial, compiling. 
[2016.10.24-00.12.06:929][  0]LogAIModule: Creating AISystem for world Untitled
[2016.10.24-00.12.06:946][  0]LogInit: XAudio2 using 'Speakers (Realtek High Definition Audio)' : 2 channels at 48 kHz using 32 bits per sample (channel mask 0x3)
[2016.10.24-00.12.06:984][  0]LogInit: FAudioDevice initialized.
[2016.10.24-00.12.07:039][  0]LogDerivedDataCache: Saved boot cache 0.05s 78MB C:/Users/Andrew/AppData/Local/UnrealEngine/4.13/DerivedDataCache/Boot.ddc.
[2016.10.24-00.12.07:052][  0]LogInit: Texture streaming: Enabled
[2016.10.24-00.12.07:091][  0]LogWindowsTextInputMethodSystem:Display: IME system now deactivated.
[2016.10.24-00.12.07:214][  0]LogInit: Transaction tracking system initialized
[2016.10.24-00.12.07:254][  0]BlueprintLog: New page: Editor Load
[2016.10.24-00.12.07:370][  0]LocalizationService: Info Localization service is disabled
[2016.10.24-00.12.07:482][  0]LogConsoleResponse:Display: 
[2016.10.24-00.12.07:493][  0]LogMaterial: Missing cached shader map for material Cross_Mat, compiling. 
[2016.10.24-00.12.07:511][  0]LogMaterial: Missing cached shader map for material PhAT_BoneSelectedMaterial, compiling. 
[2016.10.24-00.12.07:521][  0]LogMaterial: Missing cached shader map for material PhAT_ElemSelectedMaterial, compiling. 
[2016.10.24-00.12.07:533][  0]LogMaterial: Missing cached shader map for material PhAT_NoCollisionMaterial, compiling. 
[2016.10.24-00.12.07:545][  0]LogMaterial: Missing cached shader map for material PhAT_UnselectedMaterial, compiling. 
[2016.10.24-00.12.07:558][  0]LogMaterial: Missing cached shader map for material Tick_Mat, compiling. 
[2016.10.24-00.12.07:577][  0]LogMaterial: Missing cached shader map for material WidgetGridVertexColorMaterial_Ma, compiling. 
[2016.10.24-00.12.07:589][  0]LogMaterial: Missing cached shader map for material WidgetMaterial, compiling. 
[2016.10.24-00.12.07:601][  0]LogMaterial: Missing cached shader map for material WidgetMaterial_Current, compiling. 
[2016.10.24-00.12.07:613][  0]LogMaterial: Missing cached shader map for material WidgetMaterial_X, compiling. 
[2016.10.24-00.12.07:625][  0]LogMaterial: Missing cached shader map for material WidgetMaterial_Y, compiling. 
[2016.10.24-00.12.07:637][  0]LogMaterial: Missing cached shader map for material WidgetMaterial_Z, compiling. 
[2016.10.24-00.12.07:649][  0]LogMaterial: Missing cached shader map for material WidgetVertexColorMaterial, compiling. 
[2016.10.24-00.12.07:680][  0]LogMaterial: Missing cached shader map for material LevelGridMaterial, compiling. 
[2016.10.24-00.12.07:711][  0]LogMaterial: Missing cached shader map for material BlinkingCaret, compiling. 
[2016.10.24-00.12.07:732][  0]LogMaterial: Missing cached shader map for material M_StreamingPause, compiling. 
[2016.10.24-00.12.07:756][  0]LogCook:Display: Max memory allowance for cook 16384mb min free memory 0mb
[2016.10.24-00.12.07:756][  0]LogCook:Display: Mobile HDR setting 1
[2016.10.24-00.12.07:867][  0]LogFileCache: Scanning file cache for directory 'D:/Unreal Projects/WarPlanRed/Content/' took 0.02s
[2016.10.24-00.12.07:980][  0]SourceControl: Info Source control is disabled
[2016.10.24-00.12.07:980][  0]Cmd: MAP LOAD FILE="D:/Unreal Projects/WarPlanRed/Content/StarterContent/Maps/Minimal_Default.umap" TEMPLATE=0 SHOWPROGRESS=1 FEATURELEVEL=3
[2016.10.24-00.12.07:981][  0]LightingResults: New page: Lighting Build
[2016.10.24-00.12.07:985][  0]MapCheck: New page: Map Check
[2016.10.24-00.12.07:985][  0]LightingResults: New page: Lighting Build
[2016.10.24-00.12.08:276][  0]LogTexture:Display: Building textures: T_Statue_N (BC5)
[2016.10.24-00.12.08:379][  0]LogMaterial: Missing cached shader map for material M_Basic_Floor, compiling. 
[2016.10.24-00.12.08:463][  0]LogTexture:Display: Building textures: T_Statue_M (AutoDXT)
[2016.10.24-00.12.09:249][  0]LogTexture:Display: Building textures: T_Chair_N (BC5)
[2016.10.24-00.12.09:647][  0]LogMaterial: Missing cached shader map for material M_StatueGlass, compiling. 
[2016.10.24-00.12.09:665][  0]LogMaterial: Missing cached shader map for material M_Statue, compiling. 
[2016.10.24-00.12.09:739][  0]LogMaterial: Missing cached shader map for material M_Sky_Panning_Clouds2, compiling. 
[2016.10.24-00.12.09:851][  0]LogTexture:Display: Building textures: T_TableRound_N (BC5)
[2016.10.24-00.12.10:309][  0]LogTexture:Display: Building textures: T_TableRound_M (DXT1)
[2016.10.24-00.12.10:894][  0]LogMaterial: Missing cached shader map for material M_TableRound, compiling. 
[2016.10.24-00.12.11:120][  0]LogTexture:Display: Building textures: T_MacroVariation (AutoDXT)
[2016.10.24-00.12.13:468][  0]LogTexture:Display: Building textures: T_Metal_Gold_N (BC5)
[2016.10.24-00.12.14:077][  0]LogTexture:Display: Building textures: T_Metal_Aluminum_D (AutoDXT)
[2016.10.24-00.12.16:172][  0]LogMaterial: Missing cached shader map for material M_Metal_Burnished_Steel, compiling. 
[2016.10.24-00.12.16:375][  0]LogTexture:Display: Building textures: T_Metal_Copper_D (AutoDXT)
[2016.10.24-00.12.18:521][  0]LogMaterial: Missing cached shader map for material M_Metal_Copper, compiling. 
[2016.10.24-00.12.18:565][  0]LogMaterial: Missing cached shader map for material M_Metal_Brushed_Nickel, compiling. 
[2016.10.24-00.12.18:702][  0]LogTexture:Display: Building textures: T_Chair_M (AutoDXT)
[2016.10.24-00.12.19:466][  0]LogMaterial: Missing cached shader map for material M_Chair, compiling. 
[2016.10.24-00.12.19:498][  0]LogAIModule: Creating AISystem for world Minimal_Default
[2016.10.24-00.12.19:508][  0]LogTexture:Display: Building textures: S_AudioComponent_AutoActivate (BGRA8)
[2016.10.24-00.12.19:734][  0]LogEditorServer: Finished looking for orphan Actors (0.000 secs)
[2016.10.24-00.12.19:735][  0]Cmd: MAP CHECKDEP NOCLEARLOG
[2016.10.24-00.12.19:795][  0]MapCheck: Info Map check complete: 0 Error(s), 0 Warning(s), took 59.284ms to complete.
[2016.10.24-00.12.19:795][  0]LogFileHelpers: Loading map 'Minimal_Default' took 11.815
[2016.10.24-00.12.19:963][  0]LogCollectionManager: Loaded 0 collections in 0.002556 seconds
[2016.10.24-00.12.20:027][  0]LogFileCache: Scanning file cache for directory 'D:/Unreal Projects/WarPlanRed/Saved/Collections/' took 0.01s
[2016.10.24-00.12.20:027][  0]LogFileCache: Scanning file cache for directory 'D:/Unreal Projects/WarPlanRed/Content/Developers/Andrew/Collections/' took 0.01s
[2016.10.24-00.12.20:027][  0]LogFileCache: Scanning file cache for directory 'D:/Unreal Projects/WarPlanRed/Content/Collections/' took 0.01s
[2016.10.24-00.12.20:027][  0]LogCollectionManager: Rebuilt the GUID cache for 0 collections in 0.000003 seconds
[2016.10.24-00.12.20:039][  0]LogContentBrowser: Native class hierarchy populated in 0.0101 seconds. Added 2141 classes and 415 folders.
[2016.10.24-00.12.20:048][  0]LogStats: UGameplayTagsManager::ConstructGameplayTagTree: Construct from data asset -  0.000 s
[2016.10.24-00.12.20:048][  0]LogStats: UGameplayTagsManager::ConstructGameplayTagTree: GameplayTagTreeChangedEvent.Broadcast -  0.000 s
[2016.10.24-00.12.20:048][  0]LogContentBrowser: Native class hierarchy updated for 'GameplayTags' in 0.0005 seconds. Added 12 classes and 0 folders.
[2016.10.24-00.12.20:056][  0]LogContentBrowser: Native class hierarchy updated for 'WidgetCarousel' in 0.0005 seconds. Added 0 classes and 0 folders.
[2016.10.24-00.12.20:186][  0]LogContentBrowser: Native class hierarchy updated for 'AddContentDialog' in 0.0006 seconds. Added 0 classes and 0 folders.
[2016.10.24-00.12.20:204][  0]LogContentBrowser: Native class hierarchy updated for 'SceneOutliner' in 0.0005 seconds. Added 1 classes and 2 folders.
[2016.10.24-00.12.20:281][  0]LogCrashTracker: Crashtracker disabled due to settings.
[2016.10.24-00.12.20:310][  0]LogTexture:Display: Building textures: Blueprint_64x (BGRA8)
[2016.10.24-00.12.20:311][  0]LogTexture:Display: Building textures: icon_Editor_Preferences_General_40x (BGRA8)
[2016.10.24-00.12.20:314][  0]LogTexture:Display: Building textures: Paper2DSprite_TutorialIcon (BGRA8)
[2016.10.24-00.12.20:315][  0]LogTexture:Display: Building textures: icon_ShowSkeletalMeshes_40x (BGRA8)
[2016.10.24-00.12.20:317][  0]LogTexture:Display: Building textures: Landscape (BGRA8)
[2016.10.24-00.12.20:318][  0]LogTexture:Display: Building textures: Foliage (BGRA8)
[2016.10.24-00.12.20:357][  0]LogContentBrowser: Native class hierarchy updated for 'HierarchicalLODOutliner' in 0.0007 seconds. Added 1 classes and 2 folders.
[2016.10.24-00.12.20:357][  0]LogLoad: (Engine Initialization) Total time: 143.00 seconds
[2016.10.24-00.12.20:357][  0]LogLoad: (Engine Initialization) Total Blueprint compile time: 0.08 seconds
[2016.10.24-00.12.20:357][  0]LogExternalProfiler: Found external profiler: VSPerf
[2016.10.24-00.12.20:357][  0]LogExternalProfiler: Using external profiler: VSPerf
[2016.10.24-00.12.20:366][  0]LogOcInput: OculusInput pre-init called
[2016.10.24-00.12.20:402][  0]LogContentStreaming: Texture pool size now 1000 MB
[2016.10.24-00.12.20:437][  0]LogTexture:Display: Building textures: icon_tab_Levels_40x (BGRA8)
[2016.10.24-00.12.20:519][  0]LogTexture:Display: Building textures: LevelGrid1DStripes (BGRA8)
[2016.10.24-00.12.20:522][  0]LogMaterial: Missing cached shader map for material LevelGridMaterial2, compiling. 
[2016.10.24-00.12.20:609][  0]LogRenderer: Reallocating scene render targets to support 852x372 (Frame:2).
[2016.10.24-00.12.21:652][  1]LogFileCache: Retrieving MD5 hashes for directory 'D:/Unreal Projects/WarPlanRed/Content/' took 1.27s
[2016.10.24-00.12.21:739][  2]LogAssetRegistry: Asset discovery search completed in 18.7026 seconds
[2016.10.24-00.12.21:739][  2]LogCollectionManager: Rebuilt the object cache for 0 collections in 0.000001 seconds (found 0 objects)
[2016.10.24-00.12.21:739][  2]LogCollectionManager: Fixed up redirectors for 0 collections in 0.000035 seconds (updated 0 objects)
[2016.10.24-00.28.21:910][ 32]LogWindowsTextInputMethodSystem:Display: IME system now deactivated.
[2016.10.24-00.28.22:100][ 33]Cmd: QUIT_EDITOR
[2016.10.24-00.28.22:143][ 33]LogExit: Preparing to exit.
[2016.10.24-00.28.22:877][ 33]LogExit: Editor shut down
[2016.10.24-00.28.22:877][ 33]LogExit: Transaction tracking system shut down
[2016.10.24-00.28.22:960][ 33]LogObj: Freed 0b from 0 cluster array pools.
[2016.10.24-00.28.22:960][ 33]LogExit: Object subsystem successfully closed.
[2016.10.24-00.28.22:984][ 33]LogD3D11RHI: Shutdown
[2016.10.24-00.28.22:984][ 33]LogD3D11RHI: CleanupD3DDevice
[2016.10.24-00.28.23:030][ 33]LogD3D11RHI: ~FD3D11DynamicRHI
[2016.10.24-00.28.23:045][ 33]LogModuleManager: Shutting down and abandoning module HierarchicalLODOutliner (233)
[2016.10.24-00.28.23:045][ 33]LogModuleManager: Shutting down and abandoning module CrashTracker (232)
[2016.10.24-00.28.23:045][ 33]LogModuleManager: Shutting down and abandoning module SceneOutliner (231)
[2016.10.24-00.28.23:045][ 33]LogModuleManager: Shutting down and abandoning module WidgetCarousel (230)
[2016.10.24-00.28.23:045][ 33]LogModuleManager: Shutting down and abandoning module AddContentDialog (229)
[2016.10.24-00.28.23:045][ 33]LogDirectoryWatcher: A directory notification for 'C:/Program Files (x86)/Epic Games/4.13/FeaturePacks/' was aborted.
[2016.10.24-00.28.23:047][ 33]LogModuleManager: Shutting down and abandoning module GameplayTags (228)
[2016.10.24-00.28.23:047][ 33]LogModuleManager: Shutting down and abandoning module EditorWidgets (227)
[2016.10.24-00.28.23:047][ 33]LogModuleManager: Shutting down and abandoning module CollectionManager (226)
[2016.10.24-00.28.23:047][ 33]LogDirectoryWatcher: A directory notification for 'D:/Unreal Projects/WarPlanRed/Content/Collections/' was aborted.
[2016.10.24-00.28.23:047][ 33]LogDirectoryWatcher: A directory notification for 'D:/Unreal Projects/WarPlanRed/Content/Developers/Andrew/Collections/' was aborted.
[2016.10.24-00.28.23:047][ 33]LogDirectoryWatcher: A directory notification for 'D:/Unreal Projects/WarPlanRed/Saved/Collections/' was aborted.
[2016.10.24-00.28.23:047][ 33]LogModuleManager: Shutting down and abandoning module StatsViewer (225)
[2016.10.24-00.28.23:047][ 33]LogModuleManager: Shutting down and abandoning module FoliageEdit (224)
[2016.10.24-00.28.23:047][ 33]LogModuleManager: Shutting down and abandoning module LandscapeEditor (223)
[2016.10.24-00.28.23:047][ 33]LogModuleManager: Shutting down and abandoning module SceneDepthPickerMode (222)
[2016.10.24-00.28.23:047][ 33]LogModuleManager: Shutting down and abandoning module ActorPickerMode (221)
[2016.10.24-00.28.23:047][ 33]LogModuleManager: Shutting down and abandoning module GeometryMode (220)
[2016.10.24-00.28.23:047][ 33]LogModuleManager: Shutting down and abandoning module TextureAlignMode (219)
[2016.10.24-00.28.23:047][ 33]LogModuleManager: Shutting down and abandoning module BspMode (218)
[2016.10.24-00.28.23:047][ 33]LogModuleManager: Shutting down and abandoning module HardwareSurvey (217)
[2016.10.24-00.28.23:047][ 33]LogModuleManager: Shutting down and abandoning module SequenceRecorderSections (216)
[2016.10.24-00.28.23:047][ 33]LogModuleManager: Shutting down and abandoning module SequenceRecorder (215)
[2016.10.24-00.28.23:047][ 33]LogModuleManager: Shutting down and abandoning module AutomationWorker (214)
[2016.10.24-00.28.23:047][ 33]LogModuleManager: Shutting down and abandoning module MatineeToLevelSequence (213)
[2016.10.24-00.28.23:047][ 33]LogModuleManager: Shutting down and abandoning module PlacementMode (212)
[2016.10.24-00.28.23:047][ 33]LogModuleManager: Shutting down and abandoning module LevelSequenceEditor (211)
[2016.10.24-00.28.23:047][ 33]LogModuleManager: Shutting down and abandoning module WmfMediaFactory (210)
[2016.10.24-00.28.23:048][ 33]LogModuleManager: Shutting down and abandoning module WmfMediaEditor (209)
[2016.10.24-00.28.23:048][ 33]LogModuleManager: Shutting down and abandoning module AvfMediaFactory (208)
[2016.10.24-00.28.23:048][ 33]LogModuleManager: Shutting down and abandoning module AvfMediaEditor (207)
[2016.10.24-00.28.23:048][ 33]LogModuleManager: Shutting down and abandoning module Media (206)
[2016.10.24-00.28.23:048][ 33]LogModuleManager: Shutting down and abandoning module AndroidMediaFactory (205)
[2016.10.24-00.28.23:048][ 33]LogModuleManager: Shutting down and abandoning module AndroidMediaEditor (204)
[2016.10.24-00.28.23:048][ 33]LogModuleManager: Shutting down and abandoning module CharacterAI (203)
[2016.10.24-00.28.23:048][ 33]LogModuleManager: Shutting down and abandoning module SmartSnapping (202)
[2016.10.24-00.28.23:048][ 33]LogModuleManager: Shutting down and abandoning module SessionServices (201)
[2016.10.24-00.28.23:048][ 33]LogModuleManager: Shutting down and abandoning module ViewportSnapping (200)
[2016.10.24-00.28.23:048][ 33]LogModuleManager: Shutting down and abandoning module ViewportInteraction (199)
[2016.10.24-00.28.23:048][ 33]LogModuleManager: Shutting down and abandoning module LogVisualizer (198)
[2016.10.24-00.28.23:048][ 33]LogModuleManager: Shutting down and abandoning module GameProjectGeneration (197)
[2016.10.24-00.28.23:048][ 33]LogModuleManager: Shutting down and abandoning module IntroTutorials (196)
[2016.10.24-00.28.23:048][ 33]LogModuleManager: Shutting down and abandoning module EditorLiveStreaming (195)
[2016.10.24-00.28.23:048][ 33]LogModuleManager: Shutting down and abandoning module IOSPlatformEditor (194)
[2016.10.24-00.28.23:048][ 33]LogModuleManager: Shutting down and abandoning module HTML5PlatformEditor (193)
[2016.10.24-00.28.23:048][ 33]LogModuleManager: Shutting down and abandoning module AndroidDeviceDetection (192)
[2016.10.24-00.28.23:891][ 33]LogModuleManager: Shutting down and abandoning module AndroidPlatformEditor (191)
[2016.10.24-00.28.23:891][ 33]LogModuleManager: Shutting down and abandoning module IOSRuntimeSettings (190)
[2016.10.24-00.28.23:891][ 33]LogModuleManager: Shutting down and abandoning module AndroidRuntimeSettings (189)
[2016.10.24-00.28.23:891][ 33]LogModuleManager: Shutting down and abandoning module NiagaraEditor (188)
[2016.10.24-00.28.23:891][ 33]LogModuleManager: Shutting down and abandoning module MergeActors (187)
[2016.10.24-00.28.23:891][ 33]LogModuleManager: Shutting down and abandoning module SizeMap (186)
[2016.10.24-00.28.23:891][ 33]LogModuleManager: Shutting down and abandoning module TreeMap (185)
[2016.10.24-00.28.23:892][ 33]LogModuleManager: Shutting down and abandoning module ReferenceViewer (184)
[2016.10.24-00.28.23:892][ 33]LogModuleManager: Shutting down and abandoning module LocalizationService (183)
[2016.10.24-00.28.23:892][ 33]LogModuleManager: Shutting down and abandoning module LocalizationDashboard (182)
[2016.10.24-00.28.23:892][ 33]LogModuleManager: Shutting down and abandoning module HardwareTargeting (181)
[2016.10.24-00.28.23:892][ 33]LogModuleManager: Shutting down and abandoning module DeviceProfileEditor (180)
[2016.10.24-00.28.23:892][ 33]LogModuleManager: Shutting down and abandoning module UndoHistory (179)
[2016.10.24-00.28.23:892][ 33]LogModuleManager: Shutting down and abandoning module UserFeedback (178)
[2016.10.24-00.28.23:892][ 33]LogModuleManager: Shutting down and abandoning module XmlParser (177)
[2016.10.24-00.28.23:892][ 33]LogModuleManager: Shutting down and abandoning module Blutility (176)
[2016.10.24-00.28.23:892][ 33]LogModuleManager: Shutting down and abandoning module ProjectTargetPlatformEditor (175)
[2016.10.24-00.28.23:892][ 33]LogModuleManager: Shutting down and abandoning module ProjectSettingsViewer (174)
[2016.10.24-00.28.23:892][ 33]LogModuleManager: Shutting down and abandoning module InputBindingEditor (173)
[2016.10.24-00.28.23:892][ 33]LogModuleManager: Shutting down and abandoning module EditorSettingsViewer (172)
[2016.10.24-00.28.23:893][ 33]LogModuleManager: Shutting down and abandoning module SettingsEditor (171)
[2016.10.24-00.28.23:893][ 33]LogModuleManager: Shutting down and abandoning module ProjectLauncher (170)
[2016.10.24-00.28.23:893][ 33]LogModuleManager: Shutting down and abandoning module SessionFrontend (169)
[2016.10.24-00.28.23:893][ 33]LogModuleManager: Shutting down and abandoning module ProfilerClient (168)
[2016.10.24-00.28.23:893][ 33]LogModuleManager: Shutting down and abandoning module TargetDeviceServices (167)
[2016.10.24-00.28.23:893][ 33]LogModuleManager: Shutting down and abandoning module DeviceManager (166)
[2016.10.24-00.28.23:947][ 33]LogModuleManager: Shutting down and abandoning module AutomationController (165)
[2016.10.24-00.28.23:947][ 33]LogModuleManager: Shutting down and abandoning module AutomationWindow (164)
[2016.10.24-00.28.23:947][ 33]LogModuleManager: Shutting down and abandoning module Layers (163)
[2016.10.24-00.28.23:947][ 33]LogModuleManager: Shutting down and abandoning module ComponentVisualizers (162)
[2016.10.24-00.28.23:947][ 33]LogModuleManager: Shutting down and abandoning module DetailCustomizations (161)
[2016.10.24-00.28.23:947][ 33]LogModuleManager: Shutting down and abandoning module PackagesDialog (160)
[2016.10.24-00.28.23:947][ 33]LogModuleManager: Shutting down and abandoning module AnimGraph (159)
[2016.10.24-00.28.23:947][ 33]LogModuleManager: Shutting down and abandoning module Persona (158)
[2016.10.24-00.28.23:947][ 33]LogModuleManager: Shutting down and abandoning module Kismet (157)
[2016.10.24-00.28.23:948][ 33]LogModuleManager: Shutting down and abandoning module GraphEditor (156)
[2016.10.24-00.28.23:948][ 33]LogModuleManager: Shutting down and abandoning module ClassViewer (155)
[2016.10.24-00.28.23:948][ 33]LogModuleManager: Shutting down and abandoning module Toolbox (154)
[2016.10.24-00.28.23:948][ 33]LogModuleManager: Shutting down and abandoning module ModuleUI (153)
[2016.10.24-00.28.23:948][ 33]LogModuleManager: Shutting down and abandoning module MovieSceneTools (152)
[2016.10.24-00.28.23:948][ 33]LogModuleManager: Shutting down and abandoning module OutputLog (151)
[2016.10.24-00.28.23:948][ 33]LogModuleManager: Shutting down and abandoning module GammaUI (150)
[2016.10.24-00.28.23:948][ 33]LogModuleManager: Shutting down and abandoning module Documentation (149)
[2016.10.24-00.28.23:948][ 33]LogModuleManager: Shutting down and abandoning module Niagara (148)
[2016.10.24-00.28.23:948][ 33]LogModuleManager: Shutting down and abandoning module StreamingPauseRendering (147)
[2016.10.24-00.28.23:948][ 33]LogModuleManager: Shutting down and abandoning module AnalyticsET (146)
[2016.10.24-00.28.23:948][ 33]LogModuleManager: Shutting down and abandoning module PortalServices (145)
[2016.10.24-00.28.23:948][ 33]LogModuleManager: Shutting down and abandoning module PortalRpc (144)
[2016.10.24-00.28.23:948][ 33]LogModuleManager: Shutting down and abandoning module MessagingRpc (143)
[2016.10.24-00.28.23:948][ 33]LogModuleManager: Shutting down and abandoning module GameplayDebugger (142)
[2016.10.24-00.28.23:948][ 33]LogModuleManager: Shutting down and abandoning module AITestSuite (141)
[2016.10.24-00.28.23:948][ 33]LogModuleManager: Shutting down and abandoning module AIModule (140)
[2016.10.24-00.28.23:948][ 33]LogModuleManager: Shutting down and abandoning module ProfilerService (139)
[2016.10.24-00.28.24:144][ 33]LogModuleManager: Shutting down and abandoning module TaskGraph (138)
[2016.10.24-00.28.24:144][ 33]LogModuleManager: Shutting down and abandoning module SlateRemote (137)
[2016.10.24-00.28.24:144][ 33]LogModuleManager: Shutting down and abandoning module SteamVRController (136)
[2016.10.24-00.28.24:144][ 33]LogModuleManager: Shutting down and abandoning module SteamVR (135)
[2016.10.24-00.28.24:144][ 33]LogModuleManager: Shutting down and abandoning module ProceduralMeshComponentEditor (134)
[2016.10.24-00.28.24:144][ 33]LogModuleManager: Shutting down and abandoning module ProceduralMeshComponent (133)
[2016.10.24-00.28.24:144][ 33]LogModuleManager: Shutting down and abandoning module OculusLibrary (132)
[2016.10.24-00.28.24:144][ 33]LogModuleManager: Shutting down and abandoning module OculusInput (131)
[2016.10.24-00.28.24:144][ 33]LogModuleManager: Shutting down and abandoning module CustomMeshComponent (130)
[2016.10.24-00.28.24:144][ 33]LogModuleManager: Shutting down and abandoning module CableComponent (129)
[2016.10.24-00.28.24:144][ 33]LogModuleManager: Shutting down and abandoning module ArchVisCharacter (128)
[2016.10.24-00.28.24:144][ 33]LogModuleManager: Shutting down and abandoning module MediaPlayerEditor (126)
[2016.10.24-00.28.24:144][ 33]LogModuleManager: Shutting down and abandoning module HTML5Networking (125)
[2016.10.24-00.28.24:144][ 33]LogModuleManager: Shutting down and abandoning module GeometryCacheEd (124)
[2016.10.24-00.28.24:144][ 33]LogModuleManager: Shutting down and abandoning module GeometryCache (123)
[2016.10.24-00.28.24:144][ 33]LogModuleManager: Shutting down and abandoning module AlembicLibrary (122)
[2016.10.24-00.28.24:144][ 33]LogModuleManager: Shutting down and abandoning module AlembicImporter (121)
[2016.10.24-00.28.24:144][ 33]LogModuleManager: Shutting down and abandoning module SuperSearch (120)
[2016.10.24-00.28.24:144][ 33]LogModuleManager: Shutting down and abandoning module SuperSearchEditor (119)
[2016.10.24-00.28.24:144][ 33]LogModuleManager: Shutting down and abandoning module SpeedTreeImporter (118)
[2016.10.24-00.28.24:144][ 33]LogModuleManager: Shutting down and abandoning module PluginBrowser (117)
[2016.10.24-00.28.24:144][ 33]LogModuleManager: Shutting down and abandoning module MobileLauncherProfileWizard (116)
[2016.10.24-00.28.24:144][ 33]LogModuleManager: Shutting down and abandoning module EpicSurvey (115)
[2016.10.24-00.28.24:146][ 33]LogModuleManager: Shutting down and abandoning module DesktopPlatform (114)
[2016.10.24-00.28.24:146][ 33]LogModuleManager: Shutting down and abandoning module VisualStudioSourceCodeAccess (113)
[2016.10.24-00.28.24:146][ 33]LogModuleManager: Shutting down and abandoning module UObjectPlugin (112)
[2016.10.24-00.28.24:146][ 33]LogModuleManager: Shutting down and abandoning module SubversionSourceControl (111)
[2016.10.24-00.28.24:146][ 33]LogModuleManager: Shutting down and abandoning module PerforceSourceControl (110)
[2016.10.24-00.28.24:146][ 33]LogModuleManager: Shutting down and abandoning module SourceControl (109)
[2016.10.24-00.28.24:146][ 33]LogModuleManager: Shutting down and abandoning module GitSourceControl (108)
[2016.10.24-00.28.24:146][ 33]LogModuleManager: Shutting down and abandoning module LightPropagationVolumeEditor (107)
[2016.10.24-00.28.24:146][ 33]LogModuleManager: Shutting down and abandoning module PaperTiledImporter (106)
[2016.10.24-00.28.24:146][ 33]LogModuleManager: Shutting down and abandoning module PaperSpriteSheetImporter (105)
[2016.10.24-00.28.24:146][ 33]LogModuleManager: Shutting down and abandoning module MeshPaint (104)
[2016.10.24-00.28.24:146][ 33]LogModuleManager: Shutting down and abandoning module FbxAutomationBuilderModule (103)
[2016.10.24-00.28.24:146][ 33]LogModuleManager: Shutting down and abandoning module PixelInspectorModule (102)
[2016.10.24-00.28.24:146][ 33]LogModuleManager: Shutting down and abandoning module HotReload (101)
[2016.10.24-00.28.24:147][ 33]LogModuleManager: Shutting down and abandoning module MainFrame (100)
[2016.10.24-00.28.24:147][ 33]LogModuleManager: Shutting down and abandoning module LevelEditor (99)
[2016.10.24-00.28.24:149][ 33]LogModuleManager: Shutting down and abandoning module ContentBrowser (98)
[2016.10.24-00.28.24:150][ 33]LogModuleManager: Shutting down and abandoning module Paper2DEditor (97)
[2016.10.24-00.28.24:150][ 33]LogModuleManager: Shutting down and abandoning module UdpMessaging (96)
[2016.10.24-00.28.24:251][ 33]LogModuleManager: Shutting down and abandoning module TcpMessaging (95)
[2016.10.24-00.28.24:351][ 33]LogModuleManager: Shutting down and abandoning module LightPropagationVolumeRuntime (94)
[2016.10.24-00.28.24:351][ 33]LogModuleManager: Shutting down and abandoning module Paper2D (93)
[2016.10.24-00.28.24:351][ 33]LogModuleManager: Shutting down and abandoning module WindowsMoviePlayer (92)
[2016.10.24-00.28.24:351][ 33]LogModuleManager: Shutting down and abandoning module WmfMedia (91)
[2016.10.24-00.28.24:351][ 33]LogModuleManager: Shutting down and abandoning module MediaAssets (90)
[2016.10.24-00.28.24:351][ 33]LogModuleManager: Shutting down and abandoning module GameLiveStreaming (89)
[2016.10.24-00.28.24:351][ 33]LogModuleManager: Shutting down and abandoning module GameplayTagsEditor (88)
[2016.10.24-00.28.24:351][ 33]LogModuleManager: Shutting down and abandoning module VREditor (87)
[2016.10.24-00.28.24:351][ 33]LogModuleManager: Shutting down and abandoning module GameplayTasksEditor (86)
[2016.10.24-00.28.24:351][ 33]LogModuleManager: Shutting down and abandoning module PropertyEditor (85)
[2016.10.24-00.28.24:351][ 33]LogModuleManager: Shutting down and abandoning module BehaviorTreeEditor (84)
[2016.10.24-00.28.24:351][ 33]LogModuleManager: Shutting down and abandoning module FunctionalTesting (83)
[2016.10.24-00.28.24:351][ 33]LogModuleManager: Shutting down and abandoning module CollisionAnalyzer (82)
[2016.10.24-00.28.24:351][ 33]LogModuleManager: Shutting down and abandoning module Sequencer (81)
[2016.10.24-00.28.24:351][ 33]LogModuleManager: Shutting down and abandoning module WorkspaceMenuStructure (80)
[2016.10.24-00.28.24:351][ 33]LogModuleManager: Shutting down and abandoning module MessageLog (79)
[2016.10.24-00.28.24:351][ 33]LogModuleManager: Shutting down and abandoning module AssetTools (78)
[2016.10.24-00.28.24:352][ 33]LogModuleManager: Shutting down and abandoning module UMGEditor (77)
[2016.10.24-00.28.24:352][ 33]LogModuleManager: Shutting down and abandoning module UMG (76)
[2016.10.24-00.28.24:352][ 33]LogModuleManager: Shutting down and abandoning module SlateReflector (75)
[2016.10.24-00.28.24:352][ 33]LogModuleManager: Shutting down and abandoning module Slate (74)
[2016.10.24-00.28.24:352][ 33]LogModuleManager: Shutting down and abandoning module EditorStyle (73)
[2016.10.24-00.28.24:354][ 33]LogModuleManager: Shutting down and abandoning module SourceCodeAccess (72)
[2016.10.24-00.28.24:354][ 33]LogModuleManager: Shutting down and abandoning module HeadMountedDisplay (71)
[2016.10.24-00.28.24:354][ 33]LogModuleManager: Shutting down and abandoning module XAudio2 (70)
[2016.10.24-00.28.24:354][ 33]LogModuleManager: Shutting down and abandoning module Networking (68)
[2016.10.24-00.28.24:354][ 33]LogModuleManager: Shutting down and abandoning module Core (67)
[2016.10.24-00.28.24:354][ 33]LogModuleManager: Shutting down and abandoning module DirectoryWatcher (66)
[2016.10.24-00.28.24:354][ 33]LogDirectoryWatcher: A directory notification for '../../../Engine/Content/' was aborted.
[2016.10.24-00.28.24:354][ 33]LogDirectoryWatcher: A directory notification for 'D:/Unreal Projects/WarPlanRed/Content/' was aborted.
[2016.10.24-00.28.24:355][ 33]LogDirectoryWatcher: A directory notification for '../../../Engine/Plugins/2D/Paper2D/Content/' was aborted.
[2016.10.24-00.28.24:355][ 33]LogModuleManager: Shutting down and abandoning module AssetRegistry (65)
[2016.10.24-00.28.24:538][ 33]LogModuleManager: Shutting down and abandoning module KismetCompiler (64)
[2016.10.24-00.28.24:538][ 33]LogModuleManager: Shutting down and abandoning module PhysXFormats (63)
[2016.10.24-00.28.24:538][ 33]LogModuleManager: Shutting down and abandoning module MeshUtilities (62)
[2016.10.24-00.28.24:538][ 33]LogModuleManager: Shutting down and abandoning module DerivedDataCache (61)
[2016.10.24-00.28.24:581][ 33]LogDerivedDataCache: Shutdown
[2016.10.24-00.28.24:581][ 33]LogModuleManager: Shutting down and abandoning module VulkanShaderFormat (60)
[2016.10.24-00.28.24:581][ 33]LogModuleManager: Shutting down and abandoning module ShaderFormatOpenGL (59)
[2016.10.24-00.28.24:582][ 33]LogModuleManager: Shutting down and abandoning module ShaderFormatD3D (58)
[2016.10.24-00.28.24:582][ 33]LogModuleManager: Shutting down and abandoning module MetalShaderFormat (57)
[2016.10.24-00.28.24:582][ 33]LogModuleManager: Shutting down and abandoning module TextureFormatUncompressed (56)
[2016.10.24-00.28.24:582][ 33]LogModuleManager: Shutting down and abandoning module TextureFormatPVR (55)
[2016.10.24-00.28.24:582][ 33]LogModuleManager: Shutting down and abandoning module TextureFormatDXT (54)
[2016.10.24-00.28.24:582][ 33]LogModuleManager: Shutting down and abandoning module TextureFormatIntelISPCTexComp (53)
[2016.10.24-00.28.24:582][ 33]LogModuleManager: Shutting down and abandoning module ImageWrapper (52)
[2016.10.24-00.28.24:582][ 33]LogModuleManager: Shutting down and abandoning module TextureFormatASTC (51)
[2016.10.24-00.28.24:582][ 33]LogModuleManager: Shutting down and abandoning module TextureFormatAndroid (50)
[2016.10.24-00.28.24:582][ 33]LogModuleManager: Shutting down and abandoning module AudioFormatOpus (49)
[2016.10.24-00.28.24:582][ 33]LogModuleManager: Shutting down and abandoning module AudioFormatOgg (48)
[2016.10.24-00.28.24:582][ 33]LogModuleManager: Shutting down and abandoning module AudioFormatADPCM (47)
[2016.10.24-00.28.24:582][ 33]LogModuleManager: Shutting down and abandoning module LinuxTargetPlatform (46)
[2016.10.24-00.28.24:583][ 33]LogModuleManager: Shutting down and abandoning module LinuxServerTargetPlatform (45)
[2016.10.24-00.28.24:583][ 33]LogModuleManager: Shutting down and abandoning module LinuxNoEditorTargetPlatform (44)
[2016.10.24-00.28.24:583][ 33]LogModuleManager: Shutting down and abandoning module LinuxClientTargetPlatform (43)
[2016.10.24-00.28.24:583][ 33]LogModuleManager: Shutting down and abandoning module TVOSTargetPlatform (42)
[2016.10.24-00.28.24:583][ 33]LogModuleManager: Shutting down and abandoning module Messaging (41)
[2016.10.24-00.28.24:583][ 33]LogModuleManager: Shutting down and abandoning module IOSTargetPlatform (40)
[2016.10.24-00.28.24:583][ 33]LogModuleManager: Shutting down and abandoning module HTML5TargetPlatform (39)
[2016.10.24-00.28.24:583][ 33]LogModuleManager: Shutting down and abandoning module Android_PVRTCTargetPlatform (38)
[2016.10.24-00.28.24:583][ 33]LogModuleManager: Shutting down and abandoning module Android_MultiTargetPlatform (37)
[2016.10.24-00.28.24:583][ 33]LogModuleManager: Shutting down and abandoning module Android_ETC2TargetPlatform (36)
[2016.10.24-00.28.24:583][ 33]LogModuleManager: Shutting down and abandoning module Android_ETC1TargetPlatform (35)
[2016.10.24-00.28.24:583][ 33]LogModuleManager: Shutting down and abandoning module Android_DXTTargetPlatform (34)
[2016.10.24-00.28.24:583][ 33]LogModuleManager: Shutting down and abandoning module Android_ATCTargetPlatform (33)
[2016.10.24-00.28.24:583][ 33]LogModuleManager: Shutting down and abandoning module Android_ASTCTargetPlatform (32)
[2016.10.24-00.28.24:583][ 33]LogModuleManager: Shutting down and abandoning module AndroidTargetPlatform (31)
[2016.10.24-00.28.24:583][ 33]LogModuleManager: Shutting down and abandoning module WindowsTargetPlatform (30)
[2016.10.24-00.28.24:583][ 33]LogModuleManager: Shutting down and abandoning module WindowsServerTargetPlatform (29)
[2016.10.24-00.28.24:583][ 33]LogModuleManager: Shutting down and abandoning module WindowsNoEditorTargetPlatform (28)
[2016.10.24-00.28.24:583][ 33]LogModuleManager: Shutting down and abandoning module WindowsClientTargetPlatform (27)
[2016.10.24-00.28.24:583][ 33]LogModuleManager: Shutting down and abandoning module AllDesktopTargetPlatform (26)
[2016.10.24-00.28.24:583][ 33]LogModuleManager: Shutting down and abandoning module TargetPlatform (25)
[2016.10.24-00.28.24:583][ 33]LogModuleManager: Shutting down and abandoning module InputCore (24)
[2016.10.24-00.28.24:583][ 33]LogModuleManager: Shutting down and abandoning module Settings (23)
[2016.10.24-00.28.24:583][ 33]LogModuleManager: Shutting down and abandoning module OculusRift (22)
[2016.10.24-00.28.24:583][ 33]LogModuleManager: Shutting down and abandoning module GearVR (21)
[2016.10.24-00.28.24:583][ 33]LogModuleManager: Shutting down and abandoning module ExampleDeviceProfileSelector (20)
[2016.10.24-00.28.24:584][ 33]LogModuleManager: Shutting down and abandoning module OnlineBlueprintSupport (19)
[2016.10.24-00.28.24:584][ 33]LogModuleManager: Shutting down and abandoning module OnlineSubsystem (17)
[2016.10.24-00.28.24:584][ 33]LogOnline:Display: Unloading online subsystem: NULL
[2016.10.24-00.28.24:584][ 33]LogModuleManager: Shutting down and abandoning module HTTP (16)
[2016.10.24-00.28.24:584][ 33]LogHttp:Display: Http module shutting down, but needs to wait on 1 outstanding Http requests:
[2016.10.24-00.28.24:584][ 33]LogHttp:Display: 	verb=[POST] url=[https://datarouter.ol.epicgames.com/datarouter/api/v1/public/data?SessionID=%7B4E74D21B-4B84-F92D-0C39-BFA184776421%7D&AppID=UEEditor.Rocket.Release&AppVersion=4.13.1-3142249%2B%2B%2BUE4%2BRelease-4.13&UserID=e34faefd41c2ff8b20c6dfbc79b3d4ad%7C1a4ff487bd4048eabff9c82c2ba97a52%7C22637bba-3f40-4218-a3d7-d8e00ee732e3&AppEnvironment=datacollector-binary&UploadType=eteventstream] status=Processing
[2016.10.24-00.28.24:598][ 33]LogModuleManager: Shutting down and abandoning module XMPP (15)
[2016.10.24-00.28.24:599][ 33]LogModuleManager: Shutting down and abandoning module TextureCompressor (14)
[2016.10.24-00.28.24:599][ 33]LogModuleManager: Shutting down and abandoning module ShaderCore (13)
[2016.10.24-00.28.24:599][ 33]LogModuleManager: Shutting down and abandoning module Landscape (12)
[2016.10.24-00.28.24:599][ 33]LogModuleManager: Shutting down and abandoning module SlateRHIRenderer (11)
[2016.10.24-00.28.24:602][ 33]LogModuleManager: Shutting down and abandoning module OpenGLDrv (10)
[2016.10.24-00.28.24:602][ 33]LogModuleManager: Shutting down and abandoning module D3D11RHI (9)
[2016.10.24-00.28.24:602][ 33]LogModuleManager: Shutting down and abandoning module AnimGraphRuntime (8)
[2016.10.24-00.28.24:602][ 33]LogModuleManager: Shutting down and abandoning module Renderer (7)
[2016.10.24-00.28.24:602][ 33]LogModuleManager: Shutting down and abandoning module Engine (6)
[2016.10.24-00.28.24:602][ 33]LogModuleManager: Shutting down and abandoning module CoreUObject (5)
[2016.10.24-00.28.24:602][ 33]LogModuleManager: Shutting down and abandoning module NetworkFile (4)
[2016.10.24-00.28.24:602][ 33]LogModuleManager: Shutting down and abandoning module StreamingFile (3)
[2016.10.24-00.28.24:602][ 33]LogModuleManager: Shutting down and abandoning module SandboxFile (2)
[2016.10.24-00.28.24:602][ 33]LogModuleManager: Shutting down and abandoning module PakFile (1)
[2016.10.24-00.28.24:608][ 33]LogExit: Exiting.
[2016.10.24-00.28.24:626][ 33]Log file closed, 10/24/16 01:28:24
